State 0 conflicts: 4 shift/reduce
State 7 conflicts: 4 shift/reduce, 1 reduce/reduce
State 10 conflicts: 3 shift/reduce
State 12 conflicts: 1 shift/reduce
State 31 conflicts: 1 shift/reduce
State 33 conflicts: 4 shift/reduce


Grammar

    0 $accept: Program $end

    1 Program: DeclList

    2 DeclList: Decl DeclList
    3         | Decl

    4 Decl: VarDecl
    5     | StmtList

    6 VarDecl: TYPE ID SEMICOLON
    7        | TYPE ID OSB NUMBER CSB SEMICOLON
    8        | TYPE ID
    9        | TYPE ID OSB NUMBER CSB
   10        | TYPE ID OSB CSB SEMICOLON

   11 StmtList: %empty
   12         | Stmt StmtList

   13 Stmt: SEMICOLON
   14     | Expr SEMICOLON

   15 Expr: ID
   16     | ID EQ ID
   17     | WRITE ID
   18     | ID EQ MathExpr

   19 MathExpr: MathExpr BinaryOp MathExpr
   20         | NUMBER

   21 BinaryOp: PLUS
   22         | MINUS
   23         | MULT
   24         | DIV


Terminals, with rules where they appear

    $end (0) 0
    error (256)
    TYPE <string> (258) 6 7 8 9 10
    ID <string> (259) 6 7 8 9 10 15 16 17 18
    SEMICOLON <char> (260) 6 7 10 13 14
    EQ <string> (261) 16 18
    NUMBER <number> (262) 7 9 20
    PLUS <string> (263) 21
    WRITE <string> (264) 17
    MINUS <string> (265) 22
    MULT <string> (266) 23
    DIV <string> (267) 24
    OSB <string> (268) 7 9 10
    CSB <string> (269) 7 9 10


Nonterminals, with rules where they appear

    $accept (15)
        on left: 0
    Program <ast> (16)
        on left: 1
        on right: 0
    DeclList <ast> (17)
        on left: 2 3
        on right: 1 2
    Decl <ast> (18)
        on left: 4 5
        on right: 2 3
    VarDecl <ast> (19)
        on left: 6 7 8 9 10
        on right: 4
    StmtList <ast> (20)
        on left: 11 12
        on right: 5 12
    Stmt <ast> (21)
        on left: 13 14
        on right: 12
    Expr <ast> (22)
        on left: 15 16 17 18
        on right: 14
    MathExpr <ast> (23)
        on left: 19 20
        on right: 18 19
    BinaryOp <ast> (24)
        on left: 21 22 23 24
        on right: 19


State 0

    0 $accept: . Program $end

    TYPE       shift, and go to state 1
    ID         shift, and go to state 2
    SEMICOLON  shift, and go to state 3
    WRITE      shift, and go to state 4

    TYPE       [reduce using rule 11 (StmtList)]
    ID         [reduce using rule 11 (StmtList)]
    SEMICOLON  [reduce using rule 11 (StmtList)]
    WRITE      [reduce using rule 11 (StmtList)]
    $default   reduce using rule 11 (StmtList)

    Program   go to state 5
    DeclList  go to state 6
    Decl      go to state 7
    VarDecl   go to state 8
    StmtList  go to state 9
    Stmt      go to state 10
    Expr      go to state 11


State 1

    6 VarDecl: TYPE . ID SEMICOLON
    7        | TYPE . ID OSB NUMBER CSB SEMICOLON
    8        | TYPE . ID
    9        | TYPE . ID OSB NUMBER CSB
   10        | TYPE . ID OSB CSB SEMICOLON

    ID  shift, and go to state 12


State 2

   15 Expr: ID .
   16     | ID . EQ ID
   18     | ID . EQ MathExpr

    EQ  shift, and go to state 13

    $default  reduce using rule 15 (Expr)


State 3

   13 Stmt: SEMICOLON .

    $default  reduce using rule 13 (Stmt)


State 4

   17 Expr: WRITE . ID

    ID  shift, and go to state 14


State 5

    0 $accept: Program . $end

    $end  shift, and go to state 15


State 6

    1 Program: DeclList .

    $default  reduce using rule 1 (Program)


State 7

    2 DeclList: Decl . DeclList
    3         | Decl .

    TYPE       shift, and go to state 1
    ID         shift, and go to state 2
    SEMICOLON  shift, and go to state 3
    WRITE      shift, and go to state 4

    $end       reduce using rule 3 (DeclList)
    $end       [reduce using rule 11 (StmtList)]
    TYPE       [reduce using rule 11 (StmtList)]
    ID         [reduce using rule 11 (StmtList)]
    SEMICOLON  [reduce using rule 11 (StmtList)]
    WRITE      [reduce using rule 11 (StmtList)]
    $default   reduce using rule 3 (DeclList)

    DeclList  go to state 16
    Decl      go to state 7
    VarDecl   go to state 8
    StmtList  go to state 9
    Stmt      go to state 10
    Expr      go to state 11


State 8

    4 Decl: VarDecl .

    $default  reduce using rule 4 (Decl)


State 9

    5 Decl: StmtList .

    $default  reduce using rule 5 (Decl)


State 10

   12 StmtList: Stmt . StmtList

    ID         shift, and go to state 2
    SEMICOLON  shift, and go to state 3
    WRITE      shift, and go to state 4

    ID         [reduce using rule 11 (StmtList)]
    SEMICOLON  [reduce using rule 11 (StmtList)]
    WRITE      [reduce using rule 11 (StmtList)]
    $default   reduce using rule 11 (StmtList)

    StmtList  go to state 17
    Stmt      go to state 10
    Expr      go to state 11


State 11

   14 Stmt: Expr . SEMICOLON

    SEMICOLON  shift, and go to state 18


State 12

    6 VarDecl: TYPE ID . SEMICOLON
    7        | TYPE ID . OSB NUMBER CSB SEMICOLON
    8        | TYPE ID .
    9        | TYPE ID . OSB NUMBER CSB
   10        | TYPE ID . OSB CSB SEMICOLON

    SEMICOLON  shift, and go to state 19
    OSB        shift, and go to state 20

    SEMICOLON  [reduce using rule 8 (VarDecl)]
    $default   reduce using rule 8 (VarDecl)


State 13

   16 Expr: ID EQ . ID
   18     | ID EQ . MathExpr

    ID      shift, and go to state 21
    NUMBER  shift, and go to state 22

    MathExpr  go to state 23


State 14

   17 Expr: WRITE ID .

    $default  reduce using rule 17 (Expr)


State 15

    0 $accept: Program $end .

    $default  accept


State 16

    2 DeclList: Decl DeclList .

    $default  reduce using rule 2 (DeclList)


State 17

   12 StmtList: Stmt StmtList .

    $default  reduce using rule 12 (StmtList)


State 18

   14 Stmt: Expr SEMICOLON .

    $default  reduce using rule 14 (Stmt)


State 19

    6 VarDecl: TYPE ID SEMICOLON .

    $default  reduce using rule 6 (VarDecl)


State 20

    7 VarDecl: TYPE ID OSB . NUMBER CSB SEMICOLON
    9        | TYPE ID OSB . NUMBER CSB
   10        | TYPE ID OSB . CSB SEMICOLON

    NUMBER  shift, and go to state 24
    CSB     shift, and go to state 25


State 21

   16 Expr: ID EQ ID .

    $default  reduce using rule 16 (Expr)


State 22

   20 MathExpr: NUMBER .

    $default  reduce using rule 20 (MathExpr)


State 23

   18 Expr: ID EQ MathExpr .
   19 MathExpr: MathExpr . BinaryOp MathExpr

    PLUS   shift, and go to state 26
    MINUS  shift, and go to state 27
    MULT   shift, and go to state 28
    DIV    shift, and go to state 29

    $default  reduce using rule 18 (Expr)

    BinaryOp  go to state 30


State 24

    7 VarDecl: TYPE ID OSB NUMBER . CSB SEMICOLON
    9        | TYPE ID OSB NUMBER . CSB

    CSB  shift, and go to state 31


State 25

   10 VarDecl: TYPE ID OSB CSB . SEMICOLON

    SEMICOLON  shift, and go to state 32


State 26

   21 BinaryOp: PLUS .

    $default  reduce using rule 21 (BinaryOp)


State 27

   22 BinaryOp: MINUS .

    $default  reduce using rule 22 (BinaryOp)


State 28

   23 BinaryOp: MULT .

    $default  reduce using rule 23 (BinaryOp)


State 29

   24 BinaryOp: DIV .

    $default  reduce using rule 24 (BinaryOp)


State 30

   19 MathExpr: MathExpr BinaryOp . MathExpr

    NUMBER  shift, and go to state 22

    MathExpr  go to state 33


State 31

    7 VarDecl: TYPE ID OSB NUMBER CSB . SEMICOLON
    9        | TYPE ID OSB NUMBER CSB .

    SEMICOLON  shift, and go to state 34

    SEMICOLON  [reduce using rule 9 (VarDecl)]
    $default   reduce using rule 9 (VarDecl)


State 32

   10 VarDecl: TYPE ID OSB CSB SEMICOLON .

    $default  reduce using rule 10 (VarDecl)


State 33

   19 MathExpr: MathExpr . BinaryOp MathExpr
   19         | MathExpr BinaryOp MathExpr .

    PLUS   shift, and go to state 26
    MINUS  shift, and go to state 27
    MULT   shift, and go to state 28
    DIV    shift, and go to state 29

    PLUS      [reduce using rule 19 (MathExpr)]
    MINUS     [reduce using rule 19 (MathExpr)]
    MULT      [reduce using rule 19 (MathExpr)]
    DIV       [reduce using rule 19 (MathExpr)]
    $default  reduce using rule 19 (MathExpr)

    BinaryOp  go to state 30


State 34

    7 VarDecl: TYPE ID OSB NUMBER CSB SEMICOLON .

    $default  reduce using rule 7 (VarDecl)
